<?xml version='1.0'?>
<ns2:test-suite xmlns:ns2='urn:model.allure.qatools.yandex.ru' start='1578917562585' stop='1578917562586'>
    <name>CricinfoHomePage LHS and RHS tests: Verify key series module displayed</name>
    <title>CricinfoHomePage LHS and RHS tests: Verify key series module displayed</title>
    <test-cases>
        <test-case start='1578917562585' status='passed' stop='1578917562585'>
            <name>Hook</name>
            <title>Hook</title>
            <labels>
                <label name='language' value='javascript'/>
                <label name='framework' value='wdio'/>
                <label name='thread' value='0-0'/>
            </labels>
            <parameters>
                <parameter kind='argument' name='browser' value='chrome'/>
            </parameters>
            <steps/>
            <attachments/>
        </test-case>
        <test-case start='1578917562585' status='undefined'>
            <name>Given I'm a Cricinfo user and landed on the cricinfo home page</name>
            <title>Given I'm a Cricinfo user and landed on the cricinfo home page</title>
            <labels>
                <label name='language' value='javascript'/>
                <label name='framework' value='wdio'/>
                <label name='thread' value='0-0'/>
            </labels>
            <parameters>
                <parameter kind='argument' name='browser' value='chrome'/>
            </parameters>
            <steps/>
            <attachments/>
        </test-case>
        <test-case start='1578917562585' status='pending' stop='1578917562585'>
            <name>Given I'm a Cricinfo user and landed on the cricinfo home page (undefined step)</name>
            <title>Given I'm a Cricinfo user and landed on the cricinfo home page (undefined step)</title>
            <labels/>
            <parameters/>
            <steps/>
            <attachments/>
            <failure>
                <message>Test ignored</message>
                <stack-trace>undefined</stack-trace>
            </failure>
        </test-case>
        <test-case start='1578917562586' status='undefined'>
            <name>Then I expect key series module should be displayed</name>
            <title>Then I expect key series module should be displayed</title>
            <labels>
                <label name='language' value='javascript'/>
                <label name='framework' value='wdio'/>
                <label name='thread' value='0-0'/>
            </labels>
            <parameters>
                <parameter kind='argument' name='browser' value='chrome'/>
            </parameters>
            <steps/>
            <attachments/>
        </test-case>
        <test-case start='1578917562586' status='pending' stop='1578917562586'>
            <name>Then I expect key series module should be displayed (undefined step)</name>
            <title>Then I expect key series module should be displayed (undefined step)</title>
            <labels/>
            <parameters/>
            <steps/>
            <attachments/>
            <failure>
                <message>Test ignored</message>
                <stack-trace>undefined</stack-trace>
            </failure>
        </test-case>
        <test-case start='1578917562586' status='passed' stop='1578917562586'>
            <name>Hook</name>
            <title>Hook</title>
            <labels>
                <label name='language' value='javascript'/>
                <label name='framework' value='wdio'/>
                <label name='thread' value='0-0'/>
            </labels>
            <parameters>
                <parameter kind='argument' name='browser' value='chrome'/>
            </parameters>
            <steps/>
            <attachments/>
        </test-case>
    </test-cases>
</ns2:test-suite>